0 info it worked if it ends with ok
1 verbose cli [ '/usr/bin/node', '/usr/bin/npm', 'run', 'webpack' ]
2 info using npm@3.5.2
3 info using node@v8.10.0
4 verbose run-script [ 'prewebpack', 'webpack', 'postwebpack' ]
5 info lifecycle CosasDeClase@1.0.0~prewebpack: CosasDeClase@1.0.0
6 silly lifecycle CosasDeClase@1.0.0~prewebpack: no script for prewebpack, continuing
7 info lifecycle CosasDeClase@1.0.0~webpack: CosasDeClase@1.0.0
8 verbose lifecycle CosasDeClase@1.0.0~webpack: unsafe-perm in lifecycle true
9 verbose lifecycle CosasDeClase@1.0.0~webpack: PATH: /usr/share/npm/bin/node-gyp-bin:/home/omar/Escritorio/CN/ComputacionNube/node_modules/.bin:/usr/local/sbin:/usr/local/bin:/usr/sbin:/usr/bin:/sbin:/bin:/snap/bin
10 verbose lifecycle CosasDeClase@1.0.0~webpack: CWD: /home/omar/Escritorio/CN/ComputacionNube
11 silly lifecycle CosasDeClase@1.0.0~webpack: Args: [ '-c', 'webpack --watch --mode development' ]
12 info lifecycle CosasDeClase@1.0.0~webpack: Failed to exec webpack script
13 verbose stack Error: CosasDeClase@1.0.0 webpack: `webpack --watch --mode development`
13 verbose stack spawn ENOENT
13 verbose stack     at ChildProcess.<anonymous> (/usr/share/npm/lib/utils/spawn.js:17:16)
13 verbose stack     at emitTwo (events.js:126:13)
13 verbose stack     at ChildProcess.emit (events.js:214:7)
13 verbose stack     at maybeClose (internal/child_process.js:925:16)
13 verbose stack     at Process.ChildProcess._handle.onexit (internal/child_process.js:209:5)
14 verbose pkgid CosasDeClase@1.0.0
15 verbose cwd /home/omar/Escritorio/CN/ComputacionNube/P6
16 error Linux 5.3.0-46-generic
17 error argv "/usr/bin/node" "/usr/bin/npm" "run" "webpack"
18 error node v8.10.0
19 error npm  v3.5.2
20 error file sh
21 error code ELIFECYCLE
22 error errno ENOENT
23 error syscall spawn
24 error CosasDeClase@1.0.0 webpack: `webpack --watch --mode development`
24 error spawn ENOENT
25 error Failed at the CosasDeClase@1.0.0 webpack script 'webpack --watch --mode development'.
25 error Make sure you have the latest version of node.js and npm installed.
25 error If you do, this is most likely a problem with the CosasDeClase package,
25 error not with npm itself.
25 error Tell the author that this fails on your system:
25 error     webpack --watch --mode development
25 error You can get information on how to open an issue for this project with:
25 error     npm bugs CosasDeClase
25 error Or if that isn't available, you can get their info via:
25 error     npm owner ls CosasDeClase
25 error There is likely additional logging output above.
26 verbose exit [ 1, true ]
